<?xml version="1.0" encoding="UTF-8"?>
<!-- Generated by org.testng.reporters.JUnitReportReporter -->
<testsuite hostname="SFTLCRPC085" failures="0" tests="5" name="curs20.TestExample" time="0.008" errors="0" timestamp="2022-08-04T17:45:09 EEST" skipped="0">
  <testcase classname="curs20.TestExample" name="runMultipleTimes" time="0.001"/>
  <system-out/>
  <testcase classname="curs20.TestExample" name="runMultipleTimes" time="0.004"/>
  <system-out/>
  <testcase classname="curs20.TestExample" name="runMultipleTimes" time="0.001"/>
  <system-out/>
  <testcase classname="curs20.TestExample" name="testAnnotation" time="0.001"/>
  <system-out/>
  <testcase classname="curs20.TestExample" name="runMultipleTimes" time="0.001"/>
  <system-out/>
</testsuite> <!-- curs20.TestExample -->
